Conductor:  5 + 2a
Curve: [0  ,1 - a  ,1  ,-1  ,0  ]
Omega =  +7.280811841700748034026325328603670E +0
Regulator =  +3.792254200371658612311875913292169E -2
Product of c_p =  2
|Torsion| =  1
bsd =  +3.329974420874625650244853898126090E -1
 
Conductor:  6 + 4a
Curve: [1 + a  ,-1 + a  ,1 + a  ,1 -2a  ,-1 + a  ]
Omega =  +6.130867313023730474749917652506095E +0
Regulator =  +3.922282491391912567779698406411625E -1
Product of c_p =  3
|Torsion| =  3
bsd =  +4.833627565961549421763744029166472E -1
 
Conductor:  4 - 8a
Curve: [0  ,1  ,0  ,3  ,-1  ]
Omega =  +3.686168794417807135613374032453975E +0
Regulator =  +5.160196372461699487743658210092689E -1
Product of c_p =  6
|Torsion| =  3
bsd =  +7.646872365162540846803583309524521E -1
 
Conductor:  3 + 7a
Curve: [0  ,1 - a  , a  , a  ,0  ]
Omega =  +4.195371972903750787965673398612303E +0
Regulator =  +2.990438856728845629096014135939185E -2
Product of c_p =  9
|Torsion| =  1
bsd =  +6.808972219237574218787641115164551E -1
 
Conductor:  14
Curve: [1  ,0  ,1  ,-1  ,0  ]
Omega =  +7.878754216746048559493564906620752E +0
Regulator =  +1.893869405239626768633343090186826E +0
Product of c_p =  2
|Torsion| =  6
bsd =  +4.998834158110451941413354319179713E -1
 
