Conductor:  13 + 8i
Curve: [0  ,1 - i  , i  , -i  ,0  ]
Omega =  +8.806941605026474149325074363229866E +0
Regulator =  +2.302421544712109600927529839964336E -2
Product of c_p =  1
|Torsion| =  1
bsd =  +2.027729209443440044351258590667418E -1
 
Conductor:  14 + 9i
Curve: [1  ,1 + i  ,1 + i  , i  ,0  ]
Omega =  +8.420193709700904121350063609649566E +0
Regulator =  +3.121371986351695673733708247254980E -2
Product of c_p =  1
|Torsion| =  1
bsd =  +2.628255676511516426295562472243692E -1
 
Conductor:  17
Curve: [1  ,-1  ,1  ,-1  ,0  ]
Omega =  +8.495754796259932322222872278155048E +0
Regulator =  +5.090743586726843711298684524990676E -1
Product of c_p =  1
|Torsion| =  4
bsd =  +2.703106827716504575284208807997904E -1
 
Conductor:  17 + 5i
Curve: [1  ,1 + i  , i  ,0  ,0  ]
Omega =  +8.144661395786253645496842712873411E +0
Regulator =  +1.755737450318846371022374341919203E -2
Product of c_p =  2
|Torsion| =  1
bsd =  +2.859977406549618689970060742637815E -1
 
Conductor:  13 + 13i
Curve: [1  ,0  ,1  ,0  ,0  ]
Omega =  +8.072407178239933052476358260379743E +0
Regulator =  +1.662881916001395649074012794699228E -1
Product of c_p =  2
|Torsion| =  3
bsd =  +2.982991092287786584359328881835354E -1
 
Conductor:  14 + 14i
Curve: [1 + i  , -i  ,1 + i  , -i  ,0  ]
Omega =  +6.395739286882847584502973001939657E +0
Regulator =  +5.997997468130047971079932267457479E -2
Product of c_p =  4
|Torsion| =  2
bsd =  +3.836162804954319834229407529044064E -1
 
Conductor:  17 + 11i
Curve: [1  ,1 - i  ,1  , -i  ,0  ]
Omega =  +6.982710324995049621063041234250218E +0
Regulator =  +4.698158101072023862254667392335250E -2
Product of c_p =  4
|Torsion| =  2
bsd =  +3.280587708081475692870599464087915E -1
 
Conductor:  21
Curve: [1  ,0  ,0  ,1  ,0  ]
Omega =  +6.896615437097015845089258136732167E +0
Regulator =  +3.731496043472566775944798678210645E -1
Product of c_p =  2
|Torsion| =  4
bsd =  +3.216836652109917669387366626019467E -1
 
Conductor:  22
Curve: [0  , -i  ,1 + i  ,-1  ,0  ]
Omega =  +7.372337588835614271226748064907790E +0
Regulator =  +1.750638302520318018151712635699368E -1
Product of c_p =  3
|Torsion| =  1
bsd =  +3.871888968637774202482705260485082E +0
 
Conductor:  22
Curve: [0  , -i  ,1 + i  ,19  ,26i  ]
Omega =  +2.457445862945204757075582688302670E +0
Regulator =  +5.835461008400777416227356297895312E -2
Product of c_p =  3
|Torsion| =  1
bsd =  +4.302098854041762961188137997683719E -1
 
