Conductor:  7 + t
Curve: [ t  ,-1 + t  ,1  , -t  ,0  ]
Omega =  +7.122411322212015870145146124988995E +0
Regulator =  +3.202960608770484551843793497027945E -2
Product of c_p =  4
|Torsion| =  2
bsd =  +1.613108763164835299806951813663290E -1
 
Conductor:  10
Curve: [0  ,1  ,0  ,-1  ,0  ]
Omega =  +6.423095656880130175167444195239726E +0
Regulator =  +8.268738280183247219001785310865670E -1
Product of c_p =  3
|Torsion| =  6
bsd =  +3.129589614822255506840691062918010E -1
 
Conductor:  11
Curve: [0  ,-1  ,1  ,0  ,0  ]
Omega =  +9.257718117279796588540033559126470E +0
Regulator =  +9.150954657504653394495264251418120E -1
Product of c_p =  1
|Torsion| =  5
bsd =  +2.396157439786648113440605357291046E -1
 
Conductor:  6 + 8t
Curve: [ t  ,1 - t  , t  ,2  ,1 - t  ]
Omega =  +5.662017840021451631981828807171484E +0
Regulator =  +7.533651700976853882174566479079658E -2
Product of c_p =  6
|Torsion| =  2
bsd =  +4.524317062112741137518434440737194E -1
 
Conductor:  12 + 5t
Curve: [1  , t  ,1  ,-1  ,0  ]
Omega =  +8.967534497316466210174118302077380E +0
Regulator =  +6.623243228798142423485728613741230E -2
Product of c_p =  1
|Torsion| =  1
bsd =  +4.199801481093121304004873234058151E -1
 
Conductor:  10 + 7t
Curve: [1  ,1 - t  , t  ,2  ,2 -2t  ]
Omega =  +3.513790337234595934605542938582357E +0
Regulator =  +7.701828623156659059389994581579230E -2
Product of c_p =  8
|Torsion| =  2
bsd =  +3.827231150247602527265873836677660E -1
 
Conductor:  11 + 7t
Curve: [ t  , t  ,1 + t  , t  ,0  ]
Omega =  +5.695246426335115290523255835140805E +0
Regulator =  +2.537255214611461445750606458204856E -1
Product of c_p =  2
|Torsion| =  2
bsd =  +5.108950330481915449970416877376936E -1
 
Conductor:  2 + 11t
Curve: [1 + t  , -t  ,1 + t  ,-3t  ,0  ]
Omega =  +3.946410603108429950437755298261009E +0
Regulator =  +8.243083553315738720712602116691414E -3
Product of c_p =  18
|Torsion| =  1
bsd =  +4.140468438765913693124129526762256E -1
 
Conductor:  7 + 10t
Curve: [1  ,-1 + t  ,1  ,-1 + t  ,-2 - t  ]
Omega =  +5.878670086271250642704379362750882E +0
Regulator =  +5.622718514661557975831129851940204E -2
Product of c_p =  2
|Torsion| =  1
bsd =  +4.674556660338991936628558318892152E -1
 
Conductor:  16
Curve: [0  ,1  ,0  ,1  ,1  ]
Omega =  +5.544794010414982717700194225582096E +0
Regulator =  +1.080827911433793475648457160787074E -1
Product of c_p =  4
|Torsion| =  2
bsd =  +4.237668403880276449685595979930153E -1
 
Conductor:  12t
Curve: [0  ,-1  ,0  ,-2  ,0  ]
Omega =  +4.690728597005279645140988988576343E +0
Regulator =  +6.758018672060414067104261448548641E -1
Product of c_p =  16
|Torsion| =  8
bsd =  +5.603826799492676089847165583818555E -1
 
Conductor:  17
Curve: [1  ,-1  ,1  ,-1  ,0  ]
Omega =  +8.495754796259932322222872278155048E +0
Regulator =  +1.300533693971106075082388997543603E +0
Product of c_p =  1
|Torsion| =  4
bsd =  +4.883021057703651611871596071615036E -1
 
