Conductor:  13 + 6w
Curve: [ w  , w  , w  ,0  ,0  ]
Omega =  +8.749902689212402489012054367457265E +0
Regulator =  +2.064401912149924946116019697228693E -2
Product of c_p =  1
|Torsion| =  1
bsd =  +2.085772052852155434482243748329866E -1
 
Conductor:  19
Curve: [0  , -w  ,1  ,-1 + w  ,0  ]
Omega =  +8.417781075964605206292544991516750E +0
Regulator =  +2.259668688256946805781311127248045E -1
Product of c_p =  1
|Torsion| =  3
bsd =  +2.440446285965697308459790210285046E -1
 
Conductor:  15 + 7w
Curve: [ w  ,1 + w  ,1  ,0  ,0  ]
Omega =  +8.419977107820069420253121158031712E +0
Regulator =  +2.609773150024118516104865150850855E -2
Product of c_p =  1
|Torsion| =  1
bsd =  +2.537365541909221990476473810716195E -1
 
Conductor:  18 + 4w
Curve: [ w  ,1 - w  , w  ,0  ,0  ]
Omega =  +7.480035602620703639882820723891019E +0
Regulator =  +1.497409271321668844390018193735159E -2
Product of c_p =  2
|Torsion| =  1
bsd =  +2.586685012295171549823702152914525E -1
 
Conductor:  16 + 9w
Curve: [ w  ,1 + w  ,0  , w  ,0  ]
Omega =  +8.331786658562790052292353811168583E +0
Regulator =  +1.182008341409855611825463483910425E -1
Product of c_p =  1
|Torsion| =  2
bsd =  +2.842942391248802347115486333495454E -1
 
